<?xml version="1.0" encoding="UTF-8"?>
<!-- Generated by org.testng.reporters.JUnitXMLReporter -->
<testsuite hostname="Adels-MBP" ignored="2" name="Surefire test" tests="1" failures="0" timestamp="27 Aug 2021 01:26:36 GMT" time="3.196" errors="0">
  <testcase name="UserCanPurchaseItems" time="3.055" classname="tests.PurchaseItemsTest"/>
  <testcase name="@BeforeSuite before" time="0.0" classname="tests.TestBase">
    <ignored/>
  </testcase> <!-- @BeforeSuite before -->
  <testcase name="@AfterSuite quitBrowser" time="0.0" classname="tests.TestBase">
    <ignored/>
  </testcase> <!-- @AfterSuite quitBrowser -->
</testsuite> <!-- Surefire test -->
