<?xml version="1.0" encoding="UTF-8"?>
<testng-results skipped="0" failed="0" ignored="2" total="3" passed="1">
  <reporter-output>
  </reporter-output>
  <suite name="Surefire suite" duration-ms="3196" started-at="2021-08-27T01:26:33Z" finished-at="2021-08-27T01:26:36Z">
    <groups>
    </groups>
    <test name="Surefire test" duration-ms="3196" started-at="2021-08-27T01:26:33Z" finished-at="2021-08-27T01:26:36Z">
      <class name="tests.TestBase">
        <test-method status="PASS" signature="before()[pri:0, instance:tests.TestBase@11c20519]" name="before" is-config="true" duration-ms="7085" started-at="2021-08-27T01:26:26Z" finished-at="2021-08-27T01:26:33Z">
          <reporter-output>
          </reporter-output>
        </test-method> <!-- before -->
        <test-method status="PASS" signature="quitBrowser()[pri:0, instance:tests.TestBase@11c20519]" name="quitBrowser" is-config="true" duration-ms="1203" started-at="2021-08-27T01:26:36Z" finished-at="2021-08-27T01:26:37Z">
          <reporter-output>
          </reporter-output>
        </test-method> <!-- quitBrowser -->
      </class> <!-- tests.TestBase -->
      <class name="tests.PurchaseItemsTest">
        <test-method status="PASS" signature="UserCanPurchaseItems()[pri:0, instance:tests.PurchaseItemsTest@70beb599]" name="UserCanPurchaseItems" duration-ms="3055" started-at="2021-08-27T01:26:33Z" finished-at="2021-08-27T01:26:36Z">
          <reporter-output>
          </reporter-output>
        </test-method> <!-- UserCanPurchaseItems -->
      </class> <!-- tests.PurchaseItemsTest -->
    </test> <!-- Surefire test -->
  </suite> <!-- Surefire suite -->
</testng-results>
