<?xml version="1.0" encoding="UTF-8"?>
<testng-results skipped="0" failed="0" ignored="0" total="1" passed="1">
  <reporter-output>
  </reporter-output>
  <suite name="Default suite" duration-ms="4125" started-at="2021-08-27T10:55:02Z" finished-at="2021-08-27T10:55:06Z">
    <groups>
    </groups>
    <test name="Default test" duration-ms="4125" started-at="2021-08-27T10:55:02Z" finished-at="2021-08-27T10:55:06Z">
      <class name="tests.PurchaseItemsTest">
        <test-method status="PASS" signature="before()[pri:0, instance:tests.PurchaseItemsTest@411291e5]" name="before" is-config="true" duration-ms="6283" started-at="2021-08-27T10:54:56Z" finished-at="2021-08-27T10:55:02Z">
          <reporter-output>
          </reporter-output>
        </test-method> <!-- before -->
        <test-method status="PASS" signature="UserCanPurchaseItems()[pri:0, instance:tests.PurchaseItemsTest@411291e5]" name="UserCanPurchaseItems" duration-ms="3980" started-at="2021-08-27T10:55:02Z" finished-at="2021-08-27T10:55:06Z">
          <reporter-output>
          </reporter-output>
        </test-method> <!-- UserCanPurchaseItems -->
        <test-method status="PASS" signature="quitBrowser()[pri:0, instance:tests.PurchaseItemsTest@411291e5]" name="quitBrowser" is-config="true" duration-ms="1171" started-at="2021-08-27T10:55:06Z" finished-at="2021-08-27T10:55:08Z">
          <reporter-output>
          </reporter-output>
        </test-method> <!-- quitBrowser -->
      </class> <!-- tests.PurchaseItemsTest -->
    </test> <!-- Default test -->
  </suite> <!-- Default suite -->
</testng-results>
